<?xml version="1.0" encoding="UTF-8"?>
<coverage generated="1699868649225" clover="3.2.0">
  <project timestamp="1699868649225" name="All files">
    <metrics statements="16" coveredstatements="16" conditionals="1" coveredconditionals="1" methods="8" coveredmethods="8" elements="25" coveredelements="25" complexity="0" loc="16" ncloc="16" packages="1" files="1" classes="1"/>
    <file name="index.ts" path="/Users/irine/Desktop/new/src/todo/index.ts">
      <metrics statements="16" coveredstatements="16" conditionals="1" coveredconditionals="1" methods="8" coveredmethods="8"/>
      <line num="7" count="1" type="stmt"/>
      <line num="12" count="4" type="stmt"/>
      <line num="13" count="4" type="stmt"/>
      <line num="14" count="4" type="stmt"/>
      <line num="18" count="1" type="stmt"/>
      <line num="20" count="1" type="stmt"/>
      <line num="21" count="2" type="stmt"/>
      <line num="23" count="3" type="stmt"/>
      <line num="26" count="4" type="stmt"/>
      <line num="30" count="1" type="stmt"/>
      <line num="34" count="1" type="stmt"/>
      <line num="35" count="1" type="cond" truecount="1" falsecount="0"/>
      <line num="36" count="1" type="stmt"/>
      <line num="38" count="1" type="stmt"/>
      <line num="43" count="1" type="stmt"/>
      <line num="44" count="1" type="stmt"/>
    </file>
  </project>
</coverage>
