{"/Users/irine/Desktop/new/src/todo/index.ts": {"path":"/Users/irine/Desktop/new/src/todo/index.ts","statementMap":{"0":{"start":{"line":12,"column":2},"end":{"line":12,"column":15}},"1":{"start":{"line":13,"column":2},"end":{"line":13,"column":21}},"2":{"start":{"line":14,"column":2},"end":{"line":14,"column":29}},"3":{"start":{"line":7,"column":0},"end":{"line":7,"column":13}},"4":{"start":{"line":18,"column":16},"end":{"line":18,"column":46}},"5":{"start":{"line":21,"column":1},"end":{"line":21,"column":20}},"6":{"start":{"line":23,"column":2},"end":{"line":23,"column":24}},"7":{"start":{"line":26,"column":2},"end":{"line":26,"column":20}},"8":{"start":{"line":30,"column":2},"end":{"line":30,"column":59}},"9":{"start":{"line":30,"column":43},"end":{"line":30,"column":57}},"10":{"start":{"line":34,"column":2},"end":{"line":39,"column":null}},"11":{"start":{"line":35,"column":3},"end":{"line":37,"column":null}},"12":{"start":{"line":36,"column":4},"end":{"line":36,"column":37}},"13":{"start":{"line":38,"column":3},"end":{"line":38,"column":15}},"14":{"start":{"line":20,"column":0},"end":{"line":20,"column":13}},"15":{"start":{"line":43,"column":19},"end":{"line":43,"column":33}},"16":{"start":{"line":44,"column":0},"end":{"line":44,"column":28}}},"fnMap":{"0":{"name":"(anonymous_0)","decl":{"start":{"line":11,"column":1},"end":{"line":11,"column":13}},"loc":{"start":{"line":11,"column":58},"end":{"line":15,"column":2}}},"1":{"name":"(anonymous_1)","decl":{"start":{"line":20,"column":0},"end":{"line":20,"column":13}},"loc":{"start":{"line":20,"column":0},"end":{"line":41,"column":1}}},"2":{"name":"(anonymous_2)","decl":{"start":{"line":22,"column":1},"end":{"line":22,"column":8}},"loc":{"start":{"line":22,"column":19},"end":{"line":24,"column":2}}},"3":{"name":"(anonymous_3)","decl":{"start":{"line":25,"column":1},"end":{"line":25,"column":9}},"loc":{"start":{"line":25,"column":9},"end":{"line":27,"column":2}}},"4":{"name":"(anonymous_4)","decl":{"start":{"line":29,"column":1},"end":{"line":29,"column":11}},"loc":{"start":{"line":29,"column":22},"end":{"line":31,"column":2}}},"5":{"name":"(anonymous_5)","decl":{"start":{"line":30,"column":33},"end":{"line":30,"column":34}},"loc":{"start":{"line":30,"column":43},"end":{"line":30,"column":57}}},"6":{"name":"(anonymous_6)","decl":{"start":{"line":33,"column":1},"end":{"line":33,"column":13}},"loc":{"start":{"line":33,"column":24},"end":{"line":40,"column":2}}},"7":{"name":"(anonymous_7)","decl":{"start":{"line":34,"column":30},"end":{"line":34,"column":31}},"loc":{"start":{"line":34,"column":39},"end":{"line":39,"column":3}}}},"branchMap":{"0":{"loc":{"start":{"line":35,"column":3},"end":{"line":37,"column":null}},"type":"if","locations":[{"start":{"line":35,"column":3},"end":{"line":37,"column":null}}]}},"s":{"0":4,"1":4,"2":4,"3":1,"4":1,"5":2,"6":3,"7":4,"8":1,"9":1,"10":1,"11":1,"12":1,"13":1,"14":1,"15":1,"16":1},"f":{"0":4,"1":2,"2":3,"3":4,"4":1,"5":1,"6":1,"7":1},"b":{"0":[1]}}
}
