TN:
SF:src/todo/index.ts
FN:11,(anonymous_0)
FN:20,(anonymous_1)
FN:22,(anonymous_2)
FN:25,(anonymous_3)
FN:29,(anonymous_4)
FN:30,(anonymous_5)
FN:33,(anonymous_6)
FN:34,(anonymous_7)
FNF:8
FNH:8
FNDA:4,(anonymous_0)
FNDA:2,(anonymous_1)
FNDA:3,(anonymous_2)
FNDA:4,(anonymous_3)
FNDA:1,(anonymous_4)
FNDA:1,(anonymous_5)
FNDA:1,(anonymous_6)
FNDA:1,(anonymous_7)
DA:7,1
DA:12,4
DA:13,4
DA:14,4
DA:18,1
DA:20,1
DA:21,2
DA:23,3
DA:26,4
DA:30,1
DA:34,1
DA:35,1
DA:36,1
DA:38,1
DA:43,1
DA:44,1
LF:16
LH:16
BRDA:35,0,0,1
BRF:1
BRH:1
end_of_record
